Build started 29-Apr-15 12:35:45 AM.
     1>Project "C:\Users\ahmadhalah\documents\visual studio 2012\Projects\security\security\security.vcxproj" on node 2 (Build target(s)).
     1>ClCompile:
         C:\Program Files (x86)\Microsoft Visual Studio 11.0\VC\bin\CL.exe /c /ZI /nologo /W3 /WX- /Od /Oy- /D _MBCS /Gm /EHsc /RTC1 /MDd /GS /fp:precise /Zc:wchar_t /Zc:forScope /Fo"Debug\\" /Fd"Debug\vc110.pdb" /Gd /TP /analyze- /errorReport:prompt Source.cpp
         Source.cpp
     1>c:\users\ahmadhalah\documents\visual studio 2012\projects\security\security\source.cpp(24): warning C4018: '<=' : signed/unsigned mismatch
     1>c:\users\ahmadhalah\documents\visual studio 2012\projects\security\security\source.cpp(25): warning C4018: '<' : signed/unsigned mismatch
     1>c:\users\ahmadhalah\documents\visual studio 2012\projects\security\security\source.cpp(27): error C2059: syntax error : ']'
     1>c:\users\ahmadhalah\documents\visual studio 2012\projects\security\security\source.cpp(28): error C2143: syntax error : missing ';' before '{'
     1>Done Building Project "C:\Users\ahmadhalah\documents\visual studio 2012\Projects\security\security\security.vcxproj" (Build target(s)) -- FAILED.

Build FAILED.

Time Elapsed 00:00:01.31
